<?xml version="1.0" encoding="UTF-8"?>
<testng-results skipped="0" failed="0" total="2" passed="2">
  <reporter-output>
  </reporter-output>
  <suite name="ABBtest" duration-ms="13813" started-at="2013-06-18T09:55:10Z" finished-at="2013-06-18T09:55:24Z">
    <groups>
    </groups>
    <test name="Test" duration-ms="13813" started-at="2013-06-18T09:55:10Z" finished-at="2013-06-18T09:55:24Z">
      <class name="com.abb.pl.test.BasicTest">
        <test-method status="PASS" signature="setUp()[pri:0, instance:com.abb.pl.test.BasicTest@5b065904]" name="setUp" is-config="true" duration-ms="3624" started-at="2013-06-18T09:55:10Z" finished-at="2013-06-18T09:55:14Z">
        </test-method>
        <test-method status="PASS" signature="checkIfHeaderIsCorrect()[pri:0, instance:com.abb.pl.test.BasicTest@5b065904]" name="checkIfHeaderIsCorrect" duration-ms="3487" started-at="2013-06-18T09:55:14Z" finished-at="2013-06-18T09:55:18Z">
        </test-method>
        <test-method status="PASS" signature="checkIfRedLogoIsDisplayed()[pri:0, instance:com.abb.pl.test.BasicTest@5b065904]" name="checkIfRedLogoIsDisplayed" duration-ms="6444" started-at="2013-06-18T09:55:18Z" finished-at="2013-06-18T09:55:24Z">
        </test-method>
        <test-method status="PASS" signature="afterClass()[pri:0, instance:com.abb.pl.test.BasicTest@5b065904]" name="afterClass" is-config="true" duration-ms="248" started-at="2013-06-18T09:55:24Z" finished-at="2013-06-18T09:55:24Z">
        </test-method>
      </class>
    </test>
  </suite>
</testng-results>
